2023-09-28 17:24:32,483 [Worker-2: Loading available Gradle versions] INFO  o.e.b.c.i.u.g.PublishedGradleVersions - Gradle version information cache is up-to-date. Trying to read.
2023-09-28 17:24:50,847 [Worker-0: Importing Maven projects] INFO  o.e.m.c.i.l.LifecycleMappingFactory - Using org.eclipse.m2e.jdt.JarLifecycleMapping lifecycle mapping for MavenProject: com.abc.telecom.ltd:Phase5_Complaint_Redressal_System:0.0.1-SNAPSHOT @ C:\Users\Ameer\Documents\naaz-codes\simplilearn_7\downloaded_codes\CapstoneProject-CRS-master\CRS-Backend\pom.xml.
2023-09-28 17:24:55,331 [Worker-0: Importing Maven projects] INFO  o.e.m.j.i.AbstractJavaProjectConfigurator - Adding source folder /CRS-Backend/src/main/java
2023-09-28 17:24:55,332 [Worker-0: Importing Maven projects] INFO  o.e.m.j.i.AbstractJavaProjectConfigurator - Adding resource folder /CRS-Backend/src/main/resources
2023-09-28 17:24:55,341 [Worker-0: Importing Maven projects] INFO  o.e.m.j.i.AbstractJavaProjectConfigurator - Adding resource folder /CRS-Backend/src/main/resources
2023-09-28 17:24:55,352 [Worker-0: Importing Maven projects] INFO  o.e.m.j.i.AbstractJavaProjectConfigurator - Adding source folder /CRS-Backend/src/test/java
2023-09-28 17:24:58,475 [Worker-0: Importing Maven projects] INFO  o.e.m.c.i.p.ProjectConfigurationManager - Imported and configured 1 project(s) in 9 sec
2023-09-28 17:24:59,962 [Worker-1: Building] INFO  o.e.m.c.i.embedder.EclipseLogger - Using 'UTF-8' encoding to copy filtered resources.
2023-09-28 17:24:59,962 [Worker-1: Building] INFO  o.e.m.c.i.embedder.EclipseLogger - Using 'UTF-8' encoding to copy filtered properties files.
2023-09-28 17:24:59,968 [Worker-1: Building] INFO  o.e.m.c.i.embedder.EclipseLogger - Copying 1 resource
2023-09-28 17:24:59,999 [Worker-1: Building] INFO  o.e.m.c.i.embedder.EclipseLogger - Copying 0 resource
2023-09-28 17:25:00,004 [Worker-1: Building] INFO  o.e.m.c.i.embedder.EclipseLogger - Using 'UTF-8' encoding to copy filtered resources.
2023-09-28 17:25:00,004 [Worker-1: Building] INFO  o.e.m.c.i.embedder.EclipseLogger - Using 'UTF-8' encoding to copy filtered properties files.
2023-09-28 17:25:00,004 [Worker-1: Building] INFO  o.e.m.c.i.embedder.EclipseLogger - skip non existing resourceDirectory C:\Users\Ameer\Documents\naaz-codes\simplilearn_7\downloaded_codes\CapstoneProject-CRS-master\CRS-Backend\src\test\resources
2023-09-28 17:26:34,768 [Worker-0: Building] INFO  o.e.m.c.i.embedder.EclipseLogger - Using 'UTF-8' encoding to copy filtered resources.
2023-09-28 17:26:34,768 [Worker-0: Building] INFO  o.e.m.c.i.embedder.EclipseLogger - Using 'UTF-8' encoding to copy filtered properties files.
2023-09-28 17:26:34,769 [Worker-0: Building] INFO  o.e.m.c.i.embedder.EclipseLogger - Copying 1 resource
2023-09-28 17:26:34,772 [Worker-0: Building] INFO  o.e.m.c.i.embedder.EclipseLogger - Copying 0 resource
2023-09-28 17:26:34,774 [Worker-0: Building] INFO  o.e.m.c.i.embedder.EclipseLogger - Using 'UTF-8' encoding to copy filtered resources.
2023-09-28 17:26:34,774 [Worker-0: Building] INFO  o.e.m.c.i.embedder.EclipseLogger - Using 'UTF-8' encoding to copy filtered properties files.
2023-09-28 17:26:34,774 [Worker-0: Building] INFO  o.e.m.c.i.embedder.EclipseLogger - skip non existing resourceDirectory C:\Users\Ameer\Documents\naaz-codes\simplilearn_7\downloaded_codes\CapstoneProject-CRS-master\CRS-Backend\src\test\resources
2023-09-28 17:37:02,379 [Worker-1: Loading available Gradle versions] INFO  o.e.b.c.i.u.g.PublishedGradleVersions - Gradle version information cache is up-to-date. Trying to read.
2023-09-28 20:17:43,643 [Worker-23: Building] INFO  o.e.m.c.i.embedder.EclipseLogger - Using 'UTF-8' encoding to copy filtered resources.
2023-09-28 20:17:43,693 [Worker-23: Building] INFO  o.e.m.c.i.embedder.EclipseLogger - Using 'UTF-8' encoding to copy filtered properties files.
2023-09-28 20:17:43,696 [Worker-23: Building] INFO  o.e.m.c.i.embedder.EclipseLogger - Copying 1 resource
2023-09-28 20:17:43,745 [Worker-23: Building] INFO  o.e.m.c.i.embedder.EclipseLogger - Copying 0 resource
2023-09-28 20:17:43,750 [Worker-23: Building] INFO  o.e.m.c.i.embedder.EclipseLogger - Using 'UTF-8' encoding to copy filtered resources.
2023-09-28 20:17:43,750 [Worker-23: Building] INFO  o.e.m.c.i.embedder.EclipseLogger - Using 'UTF-8' encoding to copy filtered properties files.
2023-09-28 20:17:43,750 [Worker-23: Building] INFO  o.e.m.c.i.embedder.EclipseLogger - skip non existing resourceDirectory C:\Users\Ameer\Documents\naaz-codes\simplilearn_7\downloaded_codes\CapstoneProject-CRS-master\CRS-Backend\src\test\resources
2023-09-28 20:19:15,512 [Worker-26: Building] INFO  o.e.m.c.i.embedder.EclipseLogger - Using 'UTF-8' encoding to copy filtered resources.
2023-09-28 20:19:15,512 [Worker-26: Building] INFO  o.e.m.c.i.embedder.EclipseLogger - Using 'UTF-8' encoding to copy filtered properties files.
2023-09-28 20:19:15,514 [Worker-26: Building] INFO  o.e.m.c.i.embedder.EclipseLogger - Copying 1 resource
2023-09-28 20:19:15,518 [Worker-26: Building] INFO  o.e.m.c.i.embedder.EclipseLogger - Copying 0 resource
2023-09-28 20:19:15,521 [Worker-26: Building] INFO  o.e.m.c.i.embedder.EclipseLogger - Using 'UTF-8' encoding to copy filtered resources.
2023-09-28 20:19:15,521 [Worker-26: Building] INFO  o.e.m.c.i.embedder.EclipseLogger - Using 'UTF-8' encoding to copy filtered properties files.
2023-09-28 20:19:15,521 [Worker-26: Building] INFO  o.e.m.c.i.embedder.EclipseLogger - skip non existing resourceDirectory C:\Users\Ameer\Documents\naaz-codes\simplilearn_7\downloaded_codes\CapstoneProject-CRS-master\CRS-Backend\src\test\resources
2023-09-28 20:21:42,282 [Worker-24: Launching ComplaintRedressalSystemApp] INFO  o.e.m.c.i.embedder.EclipseLogger - Using 'UTF-8' encoding to copy filtered resources.
2023-09-28 20:21:42,283 [Worker-24: Launching ComplaintRedressalSystemApp] INFO  o.e.m.c.i.embedder.EclipseLogger - Using 'UTF-8' encoding to copy filtered properties files.
2023-09-28 20:21:42,283 [Worker-24: Launching ComplaintRedressalSystemApp] INFO  o.e.m.c.i.embedder.EclipseLogger - Copying 1 resource
2023-09-28 20:21:42,285 [Worker-24: Launching ComplaintRedressalSystemApp] INFO  o.e.m.c.i.embedder.EclipseLogger - Copying 0 resource
2023-09-28 20:21:42,289 [Worker-24: Launching ComplaintRedressalSystemApp] INFO  o.e.m.c.i.embedder.EclipseLogger - Using 'UTF-8' encoding to copy filtered resources.
2023-09-28 20:21:42,289 [Worker-24: Launching ComplaintRedressalSystemApp] INFO  o.e.m.c.i.embedder.EclipseLogger - Using 'UTF-8' encoding to copy filtered properties files.
2023-09-28 20:21:42,289 [Worker-24: Launching ComplaintRedressalSystemApp] INFO  o.e.m.c.i.embedder.EclipseLogger - skip non existing resourceDirectory C:\Users\Ameer\Documents\naaz-codes\simplilearn_7\downloaded_codes\CapstoneProject-CRS-master\CRS-Backend\src\test\resources
